# JRE version: OpenJDK Runtime Environment (8.0_242-b08) (build 1.8.0_242-b08)
# Java VM: OpenJDK 64-Bit Server VM (25.242-b08 mixed mode windows-amd64 compressed oops)
Heap:
 PSYoungGen      total 106496K, used 74121K [0x0000000780a00000, 0x0000000787a00000, 0x00000007c0000000)
  eden space 98304K, 67% used [0x0000000780a00000,0x0000000784a68e60,0x0000000786a00000)
  from space 8192K, 99% used [0x0000000786a00000,0x00000007871f9848,0x0000000787200000)
  to   space 8192K, 0% used [0x0000000787200000,0x0000000787200000,0x0000000787a00000)
 ParOldGen       total 80384K, used 8235K [0x0000000701e00000, 0x0000000706c80000, 0x0000000780a00000)
  object space 80384K, 10% used [0x0000000701e00000,0x000000070260aec0,0x0000000706c80000)
 Metaspace       used 27220K, capacity 28562K, committed 28720K, reserved 1075200K
  class space    used 3452K, capacity 3779K, committed 3888K, reserved 1048576K
GC Heap History (10 events):
Event: 0.867 GC heap before
{Heap before GC invocations=2 (full 0):
 PSYoungGen      total 57344K, used 53286K [0x0000000780a00000, 0x0000000784a00000, 0x00000007c0000000)
  eden space 49152K, 100% used [0x0000000780a00000,0x0000000783a00000,0x0000000783a00000)
  from space 8192K, 50% used [0x0000000783a00000,0x0000000783e098b8,0x0000000784200000)
  to   space 8192K, 0% used [0x0000000784200000,0x0000000784200000,0x0000000784a00000)
 ParOldGen       total 131072K, used 16K [0x0000000701e00000, 0x0000000709e00000, 0x0000000780a00000)
  object space 131072K, 0% used [0x0000000701e00000,0x0000000701e04000,0x0000000709e00000)
 Metaspace       used 12387K, capacity 12934K, committed 13184K, reserved 1060864K
  class space    used 1462K, capacity 1596K, committed 1664K, reserved 1048576K
Event: 0.872 GC heap after
Heap after GC invocations=2 (full 0):
 PSYoungGen      total 57344K, used 6301K [0x0000000780a00000, 0x0000000787a00000, 0x00000007c0000000)
  eden space 49152K, 0% used [0x0000000780a00000,0x0000000780a00000,0x0000000783a00000)
  from space 8192K, 76% used [0x0000000784200000,0x00000007848277b8,0x0000000784a00000)
  to   space 8192K, 0% used [0x0000000783a00000,0x0000000783a00000,0x0000000784200000)
 ParOldGen       total 131072K, used 24K [0x0000000701e00000, 0x0000000709e00000, 0x0000000780a00000)
  object space 131072K, 0% used [0x0000000701e00000,0x0000000701e06000,0x0000000709e00000)
 Metaspace       used 12387K, capacity 12934K, committed 13184K, reserved 1060864K
  class space    used 1462K, capacity 1596K, committed 1664K, reserved 1048576K
}
Event: 1.171 GC heap before
{Heap before GC invocations=3 (full 0):
 PSYoungGen      total 57344K, used 55453K [0x0000000780a00000, 0x0000000787a00000, 0x00000007c0000000)
  eden space 49152K, 100% used [0x0000000780a00000,0x0000000783a00000,0x0000000783a00000)
  from space 8192K, 76% used [0x0000000784200000,0x00000007848277b8,0x0000000784a00000)
  to   space 8192K, 0% used [0x0000000783a00000,0x0000000783a00000,0x0000000784200000)
 ParOldGen       total 131072K, used 24K [0x0000000701e00000, 0x0000000709e00000, 0x0000000780a00000)
  object space 131072K, 0% used [0x0000000701e00000,0x0000000701e06000,0x0000000709e00000)
 Metaspace       used 17206K, capacity 17950K, committed 18304K, reserved 1064960K
  class space    used 2150K, capacity 2320K, committed 2432K, reserved 1048576K
Event: 1.179 GC heap after
Heap after GC invocations=3 (full 0):
 PSYoungGen      total 57344K, used 7822K [0x0000000780a00000, 0x0000000787a00000, 0x00000007c0000000)
  eden space 49152K, 0% used [0x0000000780a00000,0x0000000780a00000,0x0000000783a00000)
  from space 8192K, 95% used [0x0000000783a00000,0x00000007841a3a00,0x0000000784200000)
  to   space 8192K, 0% used [0x0000000787200000,0x0000000787200000,0x0000000787a00000)
 ParOldGen       total 131072K, used 32K [0x0000000701e00000, 0x0000000709e00000, 0x0000000780a00000)
  object space 131072K, 0% used [0x0000000701e00000,0x0000000701e08000,0x0000000709e00000)
 Metaspace       used 17206K, capacity 17950K, committed 18304K, reserved 1064960K
  class space    used 2150K, capacity 2320K, committed 2432K, reserved 1048576K
}
Event: 1.363 GC heap before
{Heap before GC invocations=4 (full 0):
 PSYoungGen      total 57344K, used 54160K [0x0000000780a00000, 0x0000000787a00000, 0x00000007c0000000)
  eden space 49152K, 94% used [0x0000000780a00000,0x0000000783740898,0x0000000783a00000)
  from space 8192K, 95% used [0x0000000783a00000,0x00000007841a3a00,0x0000000784200000)
  to   space 8192K, 0% used [0x0000000787200000,0x0000000787200000,0x0000000787a00000)
 ParOldGen       total 131072K, used 32K [0x0000000701e00000, 0x0000000709e00000, 0x0000000780a00000)
  object space 131072K, 0% used [0x0000000701e00000,0x0000000701e08000,0x0000000709e00000)
 Metaspace       used 20365K, capacity 21216K, committed 21296K, reserved 1067008K
  class space    used 2604K, capacity 2819K, committed 2864K, reserved 1048576K
Event: 1.369 GC heap after
Heap after GC invocations=4 (full 0):
 PSYoungGen      total 106496K, used 8176K [0x0000000780a00000, 0x0000000787a00000, 0x00000007c0000000)
  eden space 98304K, 0% used [0x0000000780a00000,0x0000000780a00000,0x0000000786a00000)
  from space 8192K, 99% used [0x0000000787200000,0x00000007879fc258,0x0000000787a00000)
  to   space 8192K, 0% used [0x0000000786a00000,0x0000000786a00000,0x0000000787200000)
 ParOldGen       total 131072K, used 297K [0x0000000701e00000, 0x0000000709e00000, 0x0000000780a00000)
  object space 131072K, 0% used [0x0000000701e00000,0x0000000701e4a750,0x0000000709e00000)
 Metaspace       used 20365K, capacity 21216K, committed 21296K, reserved 1067008K
  class space    used 2604K, capacity 2819K, committed 2864K, reserved 1048576K
}
Event: 1.369 GC heap before
{Heap before GC invocations=5 (full 1):
 PSYoungGen      total 106496K, used 8176K [0x0000000780a00000, 0x0000000787a00000, 0x00000007c0000000)
  eden space 98304K, 0% used [0x0000000780a00000,0x0000000780a00000,0x0000000786a00000)
  from space 8192K, 99% used [0x0000000787200000,0x00000007879fc258,0x0000000787a00000)
  to   space 8192K, 0% used [0x0000000786a00000,0x0000000786a00000,0x0000000787200000)
 ParOldGen       total 131072K, used 297K [0x0000000701e00000, 0x0000000709e00000, 0x0000000780a00000)
  object space 131072K, 0% used [0x0000000701e00000,0x0000000701e4a750,0x0000000709e00000)
 Metaspace       used 20365K, capacity 21216K, committed 21296K, reserved 1067008K
  class space    used 2604K, capacity 2819K, committed 2864K, reserved 1048576K
Event: 1.391 GC heap after
Heap after GC invocations=5 (full 1):
 PSYoungGen      total 106496K, used 0K [0x0000000780a00000, 0x0000000787a00000, 0x00000007c0000000)
  eden space 98304K, 0% used [0x0000000780a00000,0x0000000780a00000,0x0000000786a00000)
  from space 8192K, 0% used [0x0000000787200000,0x0000000787200000,0x0000000787a00000)
  to   space 8192K, 0% used [0x0000000786a00000,0x0000000786a00000,0x0000000787200000)
 ParOldGen       total 80384K, used 8139K [0x0000000701e00000, 0x0000000706c80000, 0x0000000780a00000)
  object space 80384K, 10% used [0x0000000701e00000,0x00000007025f2ef0,0x0000000706c80000)
 Metaspace       used 20365K, capacity 21216K, committed 21296K, reserved 1067008K
  class space    used 2604K, capacity 2819K, committed 2864K, reserved 1048576K
}
Event: 1.780 GC heap before
{Heap before GC invocations=6 (full 1):
 PSYoungGen      total 106496K, used 98304K [0x0000000780a00000, 0x0000000787a00000, 0x00000007c0000000)
  eden space 98304K, 100% used [0x0000000780a00000,0x0000000786a00000,0x0000000786a00000)
  from space 8192K, 0% used [0x0000000787200000,0x0000000787200000,0x0000000787a00000)
  to   space 8192K, 0% used [0x0000000786a00000,0x0000000786a00000,0x0000000787200000)
 ParOldGen       total 80384K, used 8139K [0x0000000701e00000, 0x0000000706c80000, 0x0000000780a00000)
  object space 80384K, 10% used [0x0000000701e00000,0x00000007025f2ef0,0x0000000706c80000)
 Metaspace       used 24225K, capacity 25222K, committed 25392K, reserved 1071104K
  class space    used 3045K, capacity 3284K, committed 3376K, reserved 1048576K
Event: 1.788 GC heap after
Heap after GC invocations=6 (full 1):
 PSYoungGen      total 106496K, used 8166K [0x0000000780a00000, 0x0000000787a00000, 0x00000007c0000000)
  eden space 98304K, 0% used [0x0000000780a00000,0x0000000780a00000,0x0000000786a00000)
  from space 8192K, 99% used [0x0000000786a00000,0x00000007871f9848,0x0000000787200000)
  to   space 8192K, 0% used [0x0000000787200000,0x0000000787200000,0x0000000787a00000)
 ParOldGen       total 80384K, used 8235K [0x0000000701e00000, 0x0000000706c80000, 0x0000000780a00000)
  object space 80384K, 10% used [0x0000000701e00000,0x000000070260aec0,0x0000000706c80000)
 Metaspace       used 24225K, capacity 25222K, committed 25392K, reserved 1071104K
  class space    used 3045K, capacity 3284K, committed 3376K, reserved 1048576K
}

