# JRE version: OpenJDK Runtime Environment (8.0_242-b08) (build 1.8.0_242-b08)
# Java VM: OpenJDK 64-Bit Server VM (25.242-b08 mixed mode windows-amd64 compressed oops)
Heap:
 PSYoungGen      total 164352K, used 17430K [0x0000000780a00000, 0x000000078f780000, 0x00000007c0000000)
  eden space 151040K, 11% used [0x0000000780a00000,0x0000000781b05ba8,0x0000000789d80000)
  from space 13312K, 0% used [0x000000078ea80000,0x000000078ea80000,0x000000078f780000)
  to   space 12288K, 0% used [0x0000000789d80000,0x0000000789d80000,0x000000078a980000)
 ParOldGen       total 117248K, used 14894K [0x0000000701e00000, 0x0000000709080000, 0x0000000780a00000)
  object space 117248K, 12% used [0x0000000701e00000,0x0000000702c8bba0,0x0000000709080000)
 Metaspace       used 36908K, capacity 39032K, committed 39296K, reserved 1089536K
  class space    used 4797K, capacity 5210K, committed 5248K, reserved 1048576K
GC Heap History (10 events):
Event: 2.152 GC heap before
{Heap before GC invocations=5 (full 1):
 PSYoungGen      total 106496K, used 8107K [0x0000000780a00000, 0x0000000787a00000, 0x00000007c0000000)
  eden space 98304K, 0% used [0x0000000780a00000,0x0000000780a00000,0x0000000786a00000)
  from space 8192K, 98% used [0x0000000787200000,0x00000007879eac40,0x0000000787a00000)
  to   space 8192K, 0% used [0x0000000786a00000,0x0000000786a00000,0x0000000787200000)
 ParOldGen       total 131072K, used 40K [0x0000000701e00000, 0x0000000709e00000, 0x0000000780a00000)
  object space 131072K, 0% used [0x0000000701e00000,0x0000000701e0a000,0x0000000709e00000)
 Metaspace       used 20306K, capacity 21152K, committed 21296K, reserved 1067008K
  class space    used 2610K, capacity 2819K, committed 2944K, reserved 1048576K
Event: 2.183 GC heap after
Heap after GC invocations=5 (full 1):
 PSYoungGen      total 106496K, used 0K [0x0000000780a00000, 0x0000000787a00000, 0x00000007c0000000)
  eden space 98304K, 0% used [0x0000000780a00000,0x0000000780a00000,0x0000000786a00000)
  from space 8192K, 0% used [0x0000000787200000,0x0000000787200000,0x0000000787a00000)
  to   space 8192K, 0% used [0x0000000786a00000,0x0000000786a00000,0x0000000787200000)
 ParOldGen       total 79360K, used 7889K [0x0000000701e00000, 0x0000000706b80000, 0x0000000780a00000)
  object space 79360K, 9% used [0x0000000701e00000,0x00000007025b47e0,0x0000000706b80000)
 Metaspace       used 20306K, capacity 21152K, committed 21296K, reserved 1067008K
  class space    used 2610K, capacity 2819K, committed 2944K, reserved 1048576K
}
Event: 2.783 GC heap before
{Heap before GC invocations=6 (full 1):
 PSYoungGen      total 106496K, used 98304K [0x0000000780a00000, 0x0000000787a00000, 0x00000007c0000000)
  eden space 98304K, 100% used [0x0000000780a00000,0x0000000786a00000,0x0000000786a00000)
  from space 8192K, 0% used [0x0000000787200000,0x0000000787200000,0x0000000787a00000)
  to   space 8192K, 0% used [0x0000000786a00000,0x0000000786a00000,0x0000000787200000)
 ParOldGen       total 79360K, used 7889K [0x0000000701e00000, 0x0000000706b80000, 0x0000000780a00000)
  object space 79360K, 9% used [0x0000000701e00000,0x00000007025b47e0,0x0000000706b80000)
 Metaspace       used 24201K, capacity 25204K, committed 25344K, reserved 1071104K
  class space    used 3047K, capacity 3281K, committed 3328K, reserved 1048576K
Event: 2.799 GC heap after
Heap after GC invocations=6 (full 1):
 PSYoungGen      total 106496K, used 8167K [0x0000000780a00000, 0x000000078b580000, 0x00000007c0000000)
  eden space 98304K, 0% used [0x0000000780a00000,0x0000000780a00000,0x0000000786a00000)
  from space 8192K, 99% used [0x0000000786a00000,0x00000007871f9d20,0x0000000787200000)
  to   space 10752K, 0% used [0x000000078ab00000,0x000000078ab00000,0x000000078b580000)
 ParOldGen       total 79360K, used 8079K [0x0000000701e00000, 0x0000000706b80000, 0x0000000780a00000)
  object space 79360K, 10% used [0x0000000701e00000,0x00000007025e3c48,0x0000000706b80000)
 Metaspace       used 24201K, capacity 25204K, committed 25344K, reserved 1071104K
  class space    used 3047K, capacity 3281K, committed 3328K, reserved 1048576K
}
Event: 5.131 GC heap before
{Heap before GC invocations=7 (full 1):
 PSYoungGen      total 106496K, used 106471K [0x0000000780a00000, 0x000000078b580000, 0x00000007c0000000)
  eden space 98304K, 100% used [0x0000000780a00000,0x0000000786a00000,0x0000000786a00000)
  from space 8192K, 99% used [0x0000000786a00000,0x00000007871f9d20,0x0000000787200000)
  to   space 10752K, 0% used [0x000000078ab00000,0x000000078ab00000,0x000000078b580000)
 ParOldGen       total 79360K, used 8079K [0x0000000701e00000, 0x0000000706b80000, 0x0000000780a00000)
  object space 79360K, 10% used [0x0000000701e00000,0x00000007025e3c48,0x0000000706b80000)
 Metaspace       used 29433K, capacity 31004K, committed 31232K, reserved 1077248K
  class space    used 3766K, capacity 4094K, committed 4096K, reserved 1048576K
Event: 5.147 GC heap after
Heap after GC invocations=7 (full 1):
 PSYoungGen      total 160256K, used 10493K [0x0000000780a00000, 0x000000078b580000, 0x00000007c0000000)
  eden space 149504K, 0% used [0x0000000780a00000,0x0000000780a00000,0x0000000789c00000)
  from space 10752K, 97% used [0x000000078ab00000,0x000000078b53f620,0x000000078b580000)
  to   space 12288K, 0% used [0x0000000789d80000,0x0000000789d80000,0x000000078a980000)
 ParOldGen       total 79360K, used 8087K [0x0000000701e00000, 0x0000000706b80000, 0x0000000780a00000)
  object space 79360K, 10% used [0x0000000701e00000,0x00000007025e5c48,0x0000000706b80000)
 Metaspace       used 29433K, capacity 31004K, committed 31232K, reserved 1077248K
  class space    used 3766K, capacity 4094K, committed 4096K, reserved 1048576K
}
Event: 16.364 GC heap before
{Heap before GC invocations=8 (full 1):
 PSYoungGen      total 160256K, used 94855K [0x0000000780a00000, 0x000000078b580000, 0x00000007c0000000)
  eden space 149504K, 56% used [0x0000000780a00000,0x0000000785c627f8,0x0000000789c00000)
  from space 10752K, 97% used [0x000000078ab00000,0x000000078b53f620,0x000000078b580000)
  to   space 12288K, 0% used [0x0000000789d80000,0x0000000789d80000,0x000000078a980000)
 ParOldGen       total 79360K, used 8087K [0x0000000701e00000, 0x0000000706b80000, 0x0000000780a00000)
  object space 79360K, 10% used [0x0000000701e00000,0x00000007025e5c48,0x0000000706b80000)
 Metaspace       used 33284K, capacity 35322K, committed 35456K, reserved 1079296K
  class space    used 4270K, capacity 4665K, committed 4736K, reserved 1048576K
Event: 16.371 GC heap after
Heap after GC invocations=8 (full 1):
 PSYoungGen      total 163328K, used 10672K [0x0000000780a00000, 0x000000078f780000, 0x00000007c0000000)
  eden space 151040K, 0% used [0x0000000780a00000,0x0000000780a00000,0x0000000789d80000)
  from space 12288K, 86% used [0x0000000789d80000,0x000000078a7ec0e0,0x000000078a980000)
  to   space 13312K, 0% used [0x000000078ea80000,0x000000078ea80000,0x000000078f780000)
 ParOldGen       total 79360K, used 8095K [0x0000000701e00000, 0x0000000706b80000, 0x0000000780a00000)
  object space 79360K, 10% used [0x0000000701e00000,0x00000007025e7c48,0x0000000706b80000)
 Metaspace       used 33284K, capacity 35322K, committed 35456K, reserved 1079296K
  class space    used 4270K, capacity 4665K, committed 4736K, reserved 1048576K
}
Event: 16.371 GC heap before
{Heap before GC invocations=9 (full 2):
 PSYoungGen      total 163328K, used 10672K [0x0000000780a00000, 0x000000078f780000, 0x00000007c0000000)
  eden space 151040K, 0% used [0x0000000780a00000,0x0000000780a00000,0x0000000789d80000)
  from space 12288K, 86% used [0x0000000789d80000,0x000000078a7ec0e0,0x000000078a980000)
  to   space 13312K, 0% used [0x000000078ea80000,0x000000078ea80000,0x000000078f780000)
 ParOldGen       total 79360K, used 8095K [0x0000000701e00000, 0x0000000706b80000, 0x0000000780a00000)
  object space 79360K, 10% used [0x0000000701e00000,0x00000007025e7c48,0x0000000706b80000)
 Metaspace       used 33284K, capacity 35322K, committed 35456K, reserved 1079296K
  class space    used 4270K, capacity 4665K, committed 4736K, reserved 1048576K
Event: 16.412 GC heap after
Heap after GC invocations=9 (full 2):
 PSYoungGen      total 163328K, used 0K [0x0000000780a00000, 0x000000078f780000, 0x00000007c0000000)
  eden space 151040K, 0% used [0x0000000780a00000,0x0000000780a00000,0x0000000789d80000)
  from space 12288K, 0% used [0x0000000789d80000,0x0000000789d80000,0x000000078a980000)
  to   space 13312K, 0% used [0x000000078ea80000,0x000000078ea80000,0x000000078f780000)
 ParOldGen       total 117248K, used 15734K [0x0000000701e00000, 0x0000000709080000, 0x0000000780a00000)
  object space 117248K, 13% used [0x0000000701e00000,0x0000000702d5d820,0x0000000709080000)
 Metaspace       used 33284K, capacity 35322K, committed 35456K, reserved 1079296K
  class space    used 4270K, capacity 4665K, committed 4736K, reserved 1048576K
}

